<?xml version="1.0" encoding="UTF-8"?>
<!-- Generated by org.testng.reporters.JUnitReportReporter -->
<testsuite hostname="DESKTOP-V0EA2I1" failures="0" tests="1" name="com.inetbanking.testCases.TC_EditCustomer_004" time="36.765" errors="0" timestamp="2023-04-03T16:18:24 IST" skipped="0">
  <testcase classname="com.inetbanking.testCases.TC_EditCustomer_004" name="EditCustomer" time="36.765"/>
  <system-out/>
</testsuite> <!-- com.inetbanking.testCases.TC_EditCustomer_004 -->
