<?xml version="1.0" encoding="UTF-8"?>
<!-- Generated by org.testng.reporters.JUnitReportReporter -->
<testsuite hostname="DESKTOP-V0EA2I1" failures="0" tests="1" name="com.inetbanking.testCases.TC_AddCustomer_003" time="12.477" errors="0" timestamp="2023-04-03T16:06:34 IST" skipped="0">
  <testcase classname="com.inetbanking.testCases.TC_AddCustomer_003" name="addCustomer" time="12.477"/>
  <system-out/>
</testsuite> <!-- com.inetbanking.testCases.TC_AddCustomer_003 -->
