<?xml version="1.0" encoding="UTF-8"?>
<!-- Generated by org.testng.reporters.JUnitReportReporter -->
<testsuite hostname="DESKTOP-V0EA2I1" failures="0" tests="5" name="com.inetbanking.testCases.TC_LoginDDT_002" time="12.969" errors="0" timestamp="2023-04-03T23:09:46 IST" skipped="0">
  <testcase classname="com.inetbanking.testCases.TC_LoginDDT_002" name="Invalidlogin" time="2.326"/>
  <system-out/>
  <testcase classname="com.inetbanking.testCases.TC_LoginDDT_002" name="Invalidlogin" time="1.988"/>
  <system-out/>
  <testcase classname="com.inetbanking.testCases.TC_LoginDDT_002" name="Invalidlogin" time="4.224"/>
  <system-out/>
  <testcase classname="com.inetbanking.testCases.TC_LoginDDT_002" name="Invalidlogin" time="1.857"/>
  <system-out/>
  <testcase classname="com.inetbanking.testCases.TC_LoginDDT_002" name="logintest2" time="2.574"/>
  <system-out/>
</testsuite> <!-- com.inetbanking.testCases.TC_LoginDDT_002 -->
