<?xml version="1.0" encoding="UTF-8"?>
<!-- Generated by org.testng.reporters.JUnitReportReporter -->
<testsuite hostname="DESKTOP-V0EA2I1" failures="0" tests="1" name="com.inetbanking.testCases.TC_Login_001" time="8.476" errors="0" timestamp="2023-04-03T23:09:46 IST" skipped="0">
  <testcase classname="com.inetbanking.testCases.TC_Login_001" name="logintest" time="8.476"/>
  <system-out/>
</testsuite> <!-- com.inetbanking.testCases.TC_Login_001 -->
